Using pre-set license
Built from '2020.2/release' branch; Version is '2020.2.1f1 (270dd8c3da1c) revision 2559448'; Using compiler version '192528614'; Build Type 'Release'
OS: 'Windows 10  (10.0.0) 64bit' Language: 'en' Physical Memory: 16310 MB
BatchMode: 1, IsHumanControllingUs: 0, StartBugReporterOnCrash: 0, Is64bit: 1, IsPro: 0

 COMMAND LINE ARGUMENTS:
C:\Program Files\Unity\Hub\Editor\2020.2.1f1\Editor\Unity.exe
-adb2
-batchMode
-noUpm
-name
AssetImportWorker0
-projectPath
C:/Users/meghan/Documents/Projects/Field of Vision (R)
-logFile
Logs/AssetImportWorker0.log
-srvPort
54297
Successfully changed project path to: C:/Users/meghan/Documents/Projects/Field of Vision (R)
C:/Users/meghan/Documents/Projects/Field of Vision (R)
Using Asset Import Pipeline V2.
Refreshing native plugins compatible for Editor in 20.71 ms, found 0 plugins.
Preloading 0 native plugins for Editor in 0.00 ms.
Initialize engine version: 2020.2.1f1 (270dd8c3da1c)
[Subsystems] Discovering subsystems at path C:/Program Files/Unity/Hub/Editor/2020.2.1f1/Editor/Data/Resources/UnitySubsystems
[Subsystems] Discovering subsystems at path C:/Users/meghan/Documents/Projects/Field of Vision (R)/Assets
GfxDevice: creating device client; threaded=0
Direct3D:
    Version:  Direct3D 11.0 [level 11.1]
    Renderer: AMD Radeon RX 5600 XT (ID=0x731f)
    Vendor:   
    VRAM:     6103 MB
    Driver:   27.20.22001.14011
Initialize mono
Mono path[0] = 'C:/Program Files/Unity/Hub/Editor/2020.2.1f1/Editor/Data/Managed'
Mono path[1] = 'C:/Program Files/Unity/Hub/Editor/2020.2.1f1/Editor/Data/MonoBleedingEdge/lib/mono/unityjit'
Mono config path = 'C:/Program Files/Unity/Hub/Editor/2020.2.1f1/Editor/Data/MonoBleedingEdge/etc'
Using monoOptions --debugger-agent=transport=dt_socket,embedding=1,server=y,suspend=n,address=127.0.0.1:56856
Begin MonoManager ReloadAssembly
Registering precompiled unity dll's ...
Register platform support module: C:/Program Files/Unity/Hub/Editor/2020.2.1f1/Editor/Data/PlaybackEngines/WindowsStandaloneSupport/UnityEditor.WindowsStandalone.Extensions.dll
Registered in 0.001447 seconds.
Native extension for WindowsStandalone target not found
Refreshing native plugins compatible for Editor in 18.39 ms, found 0 plugins.
Preloading 0 native plugins for Editor in 0.00 ms.
Invoked RoslynAnalysisRunner static constructor.
RoslynAnalysisRunner will not be running.
RoslynAnalysisRunner has terminated.
Mono: successfully reloaded assembly
- Completed reload, in  0.851 seconds
Platform modules already initialized, skipping
Registering precompiled user dll's ...
Registered in 0.000927 seconds.
Begin MonoManager ReloadAssembly
Native extension for WindowsStandalone target not found
Refreshing native plugins compatible for Editor in 0.21 ms, found 0 plugins.
Preloading 0 native plugins for Editor in 0.00 ms.
Invoked RoslynAnalysisRunner static constructor.
RoslynAnalysisRunner will not be running.
RoslynAnalysisRunner has terminated.
Mono: successfully reloaded assembly
- Completed reload, in  0.643 seconds
Platform modules already initialized, skipping
========================================================================
Worker process is ready to serve import requests
Launched and connected shader compiler UnityShaderCompiler.exe after 0.03 seconds
Refreshing native plugins compatible for Editor in 0.20 ms, found 0 plugins.
Preloading 0 native plugins for Editor in 0.00 ms.
Unloading 782 Unused Serialized files (Serialized files now loaded: 0)
System memory in use before: 44.9 MB.
System memory in use after: 44.9 MB.

Unloading 10 unused Assets to reduce memory usage. Loaded Objects now: 1222.
Total: 1.559700 ms (FindLiveObjects: 0.138500 ms CreateObjectMapping: 0.018400 ms MarkObjects: 1.358200 ms  DeleteObjects: 0.043400 ms)

========================================================================
Received Import Request.
  path: Assets/Prefabs/Stimulus.prefab
  artifactKey: Guid(ef27d705228b7ba458b24f3312fadc19) Importer(815301076,1909f56bfc062723c751e8b465ee728b)
Start importing Assets/Prefabs/Stimulus.prefab using Guid(ef27d705228b7ba458b24f3312fadc19) Importer(815301076,1909f56bfc062723c751e8b465ee728b)  -> (artifact id: '0808e0a9884ac1a2a5421e70c1d9c2d0') in 0.036800 seconds
  Import took 0.038278 seconds .

========================================================================
Received Import Request.
  Time since last request: 0.000196 seconds.
  path: Assets/Plugins
  artifactKey: Guid(41a490a020529fd44a6cbc8af1c46b36) Importer(815301076,1909f56bfc062723c751e8b465ee728b)
Start importing Assets/Plugins using Guid(41a490a020529fd44a6cbc8af1c46b36) Importer(815301076,1909f56bfc062723c751e8b465ee728b)  -> (artifact id: '17630f6a338769ed401bc221f2bce061') in 0.013152 seconds
  Import took 0.014680 seconds .

========================================================================
Received Import Request.
  Time since last request: 0.000159 seconds.
  path: Assets/Prefabs/Material.mat
  artifactKey: Guid(60edf807d17dbd84d904c09b28b53724) Importer(815301076,1909f56bfc062723c751e8b465ee728b)
Start importing Assets/Prefabs/Material.mat using Guid(60edf807d17dbd84d904c09b28b53724) Importer(815301076,1909f56bfc062723c751e8b465ee728b)  -> (artifact id: '7c9d4c4bd918a0f95f4ed5296822988a') in 0.068358 seconds
  Import took 0.069860 seconds .

========================================================================
Received Import Request.
  Time since last request: 0.000222 seconds.
  path: Assets/Prefabs/crosshair012.png
  artifactKey: Guid(bdd35926a4be1ae4ab6145d7a07a8a27) Importer(815301076,1909f56bfc062723c751e8b465ee728b)
Start importing Assets/Prefabs/crosshair012.png using Guid(bdd35926a4be1ae4ab6145d7a07a8a27) Importer(815301076,1909f56bfc062723c751e8b465ee728b)  -> (artifact id: 'a03cd042133fca551283e2d641144b30') in 0.029582 seconds
  Import took 0.031354 seconds .

========================================================================
Received Import Request.
  Time since last request: 0.000198 seconds.
  path: Assets/Prefabs
  artifactKey: Guid(84d6c4021572f0e4bb5e3f3ea54f6f1c) Importer(815301076,1909f56bfc062723c751e8b465ee728b)
Start importing Assets/Prefabs using Guid(84d6c4021572f0e4bb5e3f3ea54f6f1c) Importer(815301076,1909f56bfc062723c751e8b465ee728b)  -> (artifact id: '018ab6fb91a2ffd36d7f7684399606e8') in 0.008680 seconds
  Import took 0.010351 seconds .

========================================================================
Received Prepare
Registering precompiled user dll's ...
Registered in 0.000695 seconds.
Begin MonoManager ReloadAssembly
Native extension for WindowsStandalone target not found
Refreshing native plugins compatible for Editor in 0.17 ms, found 0 plugins.
Preloading 0 native plugins for Editor in 0.00 ms.
Invoked RoslynAnalysisRunner static constructor.
RoslynAnalysisRunner will not be running.
RoslynAnalysisRunner has terminated.
Mono: successfully reloaded assembly
- Completed reload, in  0.647 seconds
Platform modules already initialized, skipping
Refreshing native plugins compatible for Editor in 0.15 ms, found 0 plugins.
Preloading 0 native plugins for Editor in 0.00 ms.
Unloading 456 Unused Serialized files (Serialized files now loaded: 0)
System memory in use before: 41.8 MB.
System memory in use after: 41.9 MB.

Unloading 75 unused Assets to reduce memory usage. Loaded Objects now: 1197.
Total: 1.697400 ms (FindLiveObjects: 0.217100 ms CreateObjectMapping: 0.026800 ms MarkObjects: 1.416200 ms  DeleteObjects: 0.036400 ms)

========================================================================
Received Prepare
Registering precompiled user dll's ...
Registered in 0.000882 seconds.
Begin MonoManager ReloadAssembly
Native extension for WindowsStandalone target not found
Refreshing native plugins compatible for Editor in 0.15 ms, found 0 plugins.
Preloading 0 native plugins for Editor in 0.00 ms.
Invoked RoslynAnalysisRunner static constructor.
RoslynAnalysisRunner will not be running.
RoslynAnalysisRunner has terminated.
Mono: successfully reloaded assembly
- Completed reload, in  0.599 seconds
Platform modules already initialized, skipping
Refreshing native plugins compatible for Editor in 0.14 ms, found 0 plugins.
Preloading 0 native plugins for Editor in 0.00 ms.
Unloading 470 Unused Serialized files (Serialized files now loaded: 0)
System memory in use before: 41.8 MB.
System memory in use after: 41.9 MB.

Unloading 5 unused Assets to reduce memory usage. Loaded Objects now: 1213.
Total: 1.733100 ms (FindLiveObjects: 0.210100 ms CreateObjectMapping: 0.037200 ms MarkObjects: 1.467000 ms  DeleteObjects: 0.017300 ms)

========================================================================
Received Prepare
Registering precompiled user dll's ...
Registered in 0.000403 seconds.
Begin MonoManager ReloadAssembly
Native extension for WindowsStandalone target not found
Refreshing native plugins compatible for Editor in 0.09 ms, found 0 plugins.
Preloading 0 native plugins for Editor in 0.00 ms.
Invoked RoslynAnalysisRunner static constructor.
RoslynAnalysisRunner will not be running.
RoslynAnalysisRunner has terminated.
Mono: successfully reloaded assembly
- Completed reload, in  0.617 seconds
Platform modules already initialized, skipping
Refreshing native plugins compatible for Editor in 0.10 ms, found 0 plugins.
Preloading 0 native plugins for Editor in 0.00 ms.
Unloading 130 Unused Serialized files (Serialized files now loaded: 0)
System memory in use before: 35.0 MB.
System memory in use after: 35.0 MB.

Unloading 109 unused Assets to reduce memory usage. Loaded Objects now: 1105.
Total: 1.429300 ms (FindLiveObjects: 0.148700 ms CreateObjectMapping: 0.017900 ms MarkObjects: 1.212400 ms  DeleteObjects: 0.049300 ms)

========================================================================
Received Prepare
Refreshing native plugins compatible for Editor in 0.41 ms, found 0 plugins.
Preloading 0 native plugins for Editor in 0.00 ms.
Unloading 1 Unused Serialized files (Serialized files now loaded: 0)
System memory in use before: 32.1 MB.
System memory in use after: 32.2 MB.

Unloading 1 unused Assets to reduce memory usage. Loaded Objects now: 1105.
Total: 1.627200 ms (FindLiveObjects: 0.172500 ms CreateObjectMapping: 0.020600 ms MarkObjects: 1.418300 ms  DeleteObjects: 0.014700 ms)

